<?xml version="1.0" encoding="UTF-8"?>
<testsuite name="ATM33" time="0" tests="122" failures="16">
  <properties>
    <property name="Unit Test Problems" value="0"/>
    <property name="Unit Test Outcomes" value="3"/>
    <property name="Runtime Error Detection Violations" value="5"/>
  </properties>
  <testcase classname="/ATM33/ATM/ATM.cxx" name="TestSuite_ATM_cxx_c326dd0d::test_viewAccount_2" time="0">
    <failure type="Uncaught structured exception" message="Access violation exception [CPPTEST_ACCESS_VIOLATION]"/>
    <system-err>Trace 
Line :14    File :/ATM33/ATM/ATM.cxx    Method :
Line :476    File :/ATM33/tests/autogenerated/ATM/TestSuite_ATM_cxx.cpp    Method :
Line :26    File :/ATM33/tests/autogenerated/ATM/TestSuite_ATM_cxx.cpp    Method :
Line :9    File :/ATM33/tests/autogenerated/ATM/TestSuite_ATM_cxx.cpp    Method :</system-err>
  </testcase>
  <testcase classname="/ATM33/ATM/ATM.cxx" name="TestSuite_ATM_cxx_c326dd0d::test_viewAccount_3" time="0">
    <failure type="Uncaught structured exception" message="Access violation exception [CPPTEST_ACCESS_VIOLATION]"/>
    <system-err>Trace 
Line :14    File :/ATM33/ATM/ATM.cxx    Method :
Line :501    File :/ATM33/tests/autogenerated/ATM/TestSuite_ATM_cxx.cpp    Method :
Line :27    File :/ATM33/tests/autogenerated/ATM/TestSuite_ATM_cxx.cpp    Method :
Line :9    File :/ATM33/tests/autogenerated/ATM/TestSuite_ATM_cxx.cpp    Method :</system-err>
  </testcase>
  <testcase classname="/ATM33/ATM/ATM.cxx" name="TestSuite_ATM_cxx_c326dd0d::test_viewAccount_4" time="0">
    <failure type="Uncaught structured exception" message="Access violation exception [CPPTEST_ACCESS_VIOLATION]"/>
    <system-err>Trace 
Line :14    File :/ATM33/ATM/ATM.cxx    Method :
Line :526    File :/ATM33/tests/autogenerated/ATM/TestSuite_ATM_cxx.cpp    Method :
Line :28    File :/ATM33/tests/autogenerated/ATM/TestSuite_ATM_cxx.cpp    Method :
Line :9    File :/ATM33/tests/autogenerated/ATM/TestSuite_ATM_cxx.cpp    Method :</system-err>
  </testcase>
  <testcase classname="/ATM33/ATM/ATM.cxx" name="TestSuite_ATM_cxx_c326dd0d::test_viewAccount_8" time="0">
    <failure type="Uncaught structured exception" message="Access violation exception [CPPTEST_ACCESS_VIOLATION]"/>
    <system-err>Trace 
Line :14    File :/ATM33/ATM/ATM.cxx    Method :
Line :626    File :/ATM33/tests/autogenerated/ATM/TestSuite_ATM_cxx.cpp    Method :
Line :32    File :/ATM33/tests/autogenerated/ATM/TestSuite_ATM_cxx.cpp    Method :
Line :9    File :/ATM33/tests/autogenerated/ATM/TestSuite_ATM_cxx.cpp    Method :</system-err>
  </testcase>
  <testcase classname="/ATM33/ATM/ATM.cxx" name="TestSuite_ATM_cxx_c326dd0d::test_fillUserRequest_5" time="0">
    <failure type="Uncaught structured exception" message="Access violation exception [CPPTEST_ACCESS_VIOLATION]"/>
    <system-err>Trace 
Line :35    File :/ATM33/ATM/ATM.cxx    Method :
Line :24    File :/ATM33/ATM/ATM.cxx    Method :
Line :301    File :/ATM33/tests/autogenerated/ATM/TestSuite_ATM_cxx.cpp    Method :
Line :19    File :/ATM33/tests/autogenerated/ATM/TestSuite_ATM_cxx.cpp    Method :
Line :9    File :/ATM33/tests/autogenerated/ATM/TestSuite_ATM_cxx.cpp    Method :</system-err>
  </testcase>
  <testcase classname="/ATM33/ATM/ATM.cxx" name="TestSuite_ATM_cxx_c326dd0d::test_fillUserRequest_4" time="0">
    <failure type="Uncaught structured exception" message="Access violation exception [CPPTEST_ACCESS_VIOLATION]"/>
    <system-err>Trace 
Line :42    File :/ATM33/ATM/ATM.cxx    Method :
Line :26    File :/ATM33/ATM/ATM.cxx    Method :
Line :276    File :/ATM33/tests/autogenerated/ATM/TestSuite_ATM_cxx.cpp    Method :
Line :18    File :/ATM33/tests/autogenerated/ATM/TestSuite_ATM_cxx.cpp    Method :
Line :9    File :/ATM33/tests/autogenerated/ATM/TestSuite_ATM_cxx.cpp    Method :</system-err>
  </testcase>
  <testcase classname="/ATM33/ATM/ATM.cxx" name="TestSuite_ATM_cxx_c326dd0d::test_fillUserRequest_8" time="0">
    <failure type="Uncaught structured exception" message="Access violation exception [CPPTEST_ACCESS_VIOLATION]"/>
    <system-err>Trace 
Line :42    File :/ATM33/ATM/ATM.cxx    Method :
Line :26    File :/ATM33/ATM/ATM.cxx    Method :
Line :376    File :/ATM33/tests/autogenerated/ATM/TestSuite_ATM_cxx.cpp    Method :
Line :22    File :/ATM33/tests/autogenerated/ATM/TestSuite_ATM_cxx.cpp    Method :
Line :9    File :/ATM33/tests/autogenerated/ATM/TestSuite_ATM_cxx.cpp    Method :</system-err>
  </testcase>
  <testcase classname="/ATM33/ATM/ATM.cxx" name="TestSuite_ATM_cxx_c326dd0d::test_fillUserRequest_3" time="0">
    <failure type="Uncaught structured exception" message="Access violation exception [CPPTEST_ACCESS_VIOLATION]"/>
    <system-err>Trace 
Line :49    File :/ATM33/ATM/ATM.cxx    Method :
Line :28    File :/ATM33/ATM/ATM.cxx    Method :
Line :251    File :/ATM33/tests/autogenerated/ATM/TestSuite_ATM_cxx.cpp    Method :
Line :17    File :/ATM33/tests/autogenerated/ATM/TestSuite_ATM_cxx.cpp    Method :
Line :9    File :/ATM33/tests/autogenerated/ATM/TestSuite_ATM_cxx.cpp    Method :</system-err>
  </testcase>
  <testcase classname="/ATM33/ATM/ATM.cxx" name="TestSuite_ATM_cxx_c326dd0d::test_fillUserRequest_7" time="0">
    <failure type="Uncaught structured exception" message="Access violation exception [CPPTEST_ACCESS_VIOLATION]"/>
    <system-err>Trace 
Line :49    File :/ATM33/ATM/ATM.cxx    Method :
Line :28    File :/ATM33/ATM/ATM.cxx    Method :
Line :351    File :/ATM33/tests/autogenerated/ATM/TestSuite_ATM_cxx.cpp    Method :
Line :21    File :/ATM33/tests/autogenerated/ATM/TestSuite_ATM_cxx.cpp    Method :
Line :9    File :/ATM33/tests/autogenerated/ATM/TestSuite_ATM_cxx.cpp    Method :</system-err>
  </testcase>
  <testcase classname="/ATM33/ATM/Bank.cxx" name="TestSuite_ATM_cxx_c326dd0d::test_viewAccount_1" time="0">
    <failure type="Uncaught structured exception" message="Access violation exception [CPPTEST_ACCESS_VIOLATION]"/>
    <system-err>Trace 
Line :18    File :/ATM33/ATM/Bank.cxx    Method :
Line :12    File :/ATM33/ATM/ATM.cxx    Method :
Line :425    File :/ATM33/tests/autogenerated/ATM/TestSuite_ATM_cxx.cpp    Method :
Line :24    File :/ATM33/tests/autogenerated/ATM/TestSuite_ATM_cxx.cpp    Method :
Line :9    File :/ATM33/tests/autogenerated/ATM/TestSuite_ATM_cxx.cpp    Method :</system-err>
  </testcase>
  <testcase classname="/ATM33/ATM/Bank.cxx" name="TestSuite_ATM_cxx_c326dd0d::test_viewAccount_5" time="0">
    <failure type="Uncaught structured exception" message="Access violation exception [CPPTEST_ACCESS_VIOLATION]"/>
    <system-err>Trace 
Line :18    File :/ATM33/ATM/Bank.cxx    Method :
Line :12    File :/ATM33/ATM/ATM.cxx    Method :
Line :551    File :/ATM33/tests/autogenerated/ATM/TestSuite_ATM_cxx.cpp    Method :
Line :29    File :/ATM33/tests/autogenerated/ATM/TestSuite_ATM_cxx.cpp    Method :
Line :9    File :/ATM33/tests/autogenerated/ATM/TestSuite_ATM_cxx.cpp    Method :</system-err>
  </testcase>
  <testcase classname="/ATM33/ATM/Bank.cxx" name="TestSuite_ATM_cxx_c326dd0d::test_viewAccount_7" time="0">
    <failure type="Uncaught structured exception" message="Access violation exception [CPPTEST_ACCESS_VIOLATION]"/>
    <system-err>Trace 
Line :18    File :/ATM33/ATM/Bank.cxx    Method :
Line :12    File :/ATM33/ATM/ATM.cxx    Method :
Line :601    File :/ATM33/tests/autogenerated/ATM/TestSuite_ATM_cxx.cpp    Method :
Line :31    File :/ATM33/tests/autogenerated/ATM/TestSuite_ATM_cxx.cpp    Method :
Line :9    File :/ATM33/tests/autogenerated/ATM/TestSuite_ATM_cxx.cpp    Method :</system-err>
  </testcase>
  <testcase classname="/ATM33/ATM/Bank.cxx" name="TestSuite_ATM_cxx_c326dd0d::test_viewAccount_9" time="0">
    <failure type="Uncaught structured exception" message="Access violation exception [CPPTEST_ACCESS_VIOLATION]"/>
    <system-err>Trace 
Line :18    File :/ATM33/ATM/Bank.cxx    Method :
Line :12    File :/ATM33/ATM/ATM.cxx    Method :
Line :651    File :/ATM33/tests/autogenerated/ATM/TestSuite_ATM_cxx.cpp    Method :
Line :33    File :/ATM33/tests/autogenerated/ATM/TestSuite_ATM_cxx.cpp    Method :
Line :9    File :/ATM33/tests/autogenerated/ATM/TestSuite_ATM_cxx.cpp    Method :</system-err>
  </testcase>
  <testcase classname="/ATM33/ATM/include/Account.hxx" name="TestSuite_ATM_cxx_c326dd0d::test_fillUserRequest_9" time="0">
    <failure type="Uncaught structured exception" message="Access violation exception [CPPTEST_ACCESS_VIOLATION]"/>
    <system-err>Trace 
Line :24    File :/ATM33/ATM/include/Account.hxx    Method :
Line :34    File :/ATM33/ATM/ATM.cxx    Method :
Line :24    File :/ATM33/ATM/ATM.cxx    Method :
Line :401    File :/ATM33/tests/autogenerated/ATM/TestSuite_ATM_cxx.cpp    Method :
Line :23    File :/ATM33/tests/autogenerated/ATM/TestSuite_ATM_cxx.cpp    Method :
Line :9    File :/ATM33/tests/autogenerated/ATM/TestSuite_ATM_cxx.cpp    Method :</system-err>
  </testcase>
  <testcase classname="/ATM33/ATM/include/Account.hxx" name="TestSuite_Account_hxx_a303efa6::test_setPassword_10" time="0">
    <failure type="Uncaught structured exception" message="Access violation exception [CPPTEST_ACCESS_VIOLATION]"/>
    <system-err>Trace 
Line :37    File :/ATM33/ATM/include/Account.hxx    Method :
Line :939    File :/ATM33/tests/autogenerated/ATM/include/TestSuite_Account_hxx.cpp    Method :
Line :53    File :/ATM33/tests/autogenerated/ATM/include/TestSuite_Account_hxx.cpp    Method :
Line :9    File :/ATM33/tests/autogenerated/ATM/include/TestSuite_Account_hxx.cpp    Method :</system-err>
  </testcase>
  <testcase classname="/ATM33/ATM/include/Account.hxx" name="TestSuite_Account_hxx_a303efa6::test_setPassword_9" time="0">
    <failure type="Uncaught structured exception" message="Access violation exception [CPPTEST_ACCESS_VIOLATION]"/>
    <system-err>Trace 
Line :37    File :/ATM33/ATM/include/Account.hxx    Method :
Line :1097    File :/ATM33/tests/autogenerated/ATM/include/TestSuite_Account_hxx.cpp    Method :
Line :61    File :/ATM33/tests/autogenerated/ATM/include/TestSuite_Account_hxx.cpp    Method :
Line :9    File :/ATM33/tests/autogenerated/ATM/include/TestSuite_Account_hxx.cpp    Method :</system-err>
  </testcase>
</testsuite>
